<?xml version="1.0" encoding="utf-8"?><testsuites name="pytest tests"><testsuite name="pytest" errors="0" failures="0" skipped="0" tests="36" time="8.919" timestamp="2026-04-29T08:44:33.904322+00:00" hostname="agent-env-35cfd8b7-a67e-4a12-a66c-9cf6759fc586"><testcase classname="backend.tests.backend_test" name="test_root" time="0.148" /><testcase classname="backend.tests.backend_test.TestAuth" name="test_register_and_me" time="0.422" /><testcase classname="backend.tests.backend_test.TestAuth" name="test_register_duplicate" time="0.445" /><testcase classname="backend.tests.backend_test.TestAuth" name="test_login_admin" time="0.368" /><testcase classname="backend.tests.backend_test.TestAuth" name="test_login_wrong_password" time="0.327" /><testcase classname="backend.tests.backend_test.TestAuth" name="test_logout" time="0.419" /><testcase classname="backend.tests.backend_test.TestAuth" name="test_brute_force_lockout" time="3.410" /><testcase classname="backend.tests.backend_test.TestPublic" name="test_djs" time="0.105" /><testcase classname="backend.tests.backend_test.TestPublic" name="test_events_all" time="0.107" /><testcase classname="backend.tests.backend_test.TestPublic" name="test_events_upcoming" time="0.113" /><testcase classname="backend.tests.backend_test.TestPublic" name="test_events_past" time="0.102" /><testcase classname="backend.tests.backend_test.TestPublic" name="test_event_detail" time="0.196" /><testcase classname="backend.tests.backend_test.TestPublic" name="test_event_404" time="0.103" /><testcase classname="backend.tests.backend_test.TestPublic" name="test_gallery" time="0.101" /><testcase classname="backend.tests.backend_test.TestPublic" name="test_gallery_filtered" time="0.102" /><testcase classname="backend.tests.backend_test.TestPublic" name="test_announcements" time="0.095" /><testcase classname="backend.tests.backend_test.TestBookings" name="test_create_booking_no_auth" time="0.101" /><testcase classname="backend.tests.backend_test.TestBookings" name="test_list_bookings_admin_only" time="0.054" /><testcase classname="backend.tests.backend_test.TestBookings" name="test_list_bookings_no_auth" time="0.100" /><testcase classname="backend.tests.backend_test.TestBookings" name="test_list_bookings_member_403" time="0.372" /><testcase classname="backend.tests.backend_test.TestBookings" name="test_update_booking_status" time="0.147" /><testcase classname="backend.tests.backend_test.TestMemberships" name="test_apply_requires_auth" time="0.109" /><testcase classname="backend.tests.backend_test.TestMemberships" name="test_apply_with_auth" time="0.066" /><testcase classname="backend.tests.backend_test.TestMemberships" name="test_admin_list_applications" time="0.047" /><testcase classname="backend.tests.backend_test.TestMemberships" name="test_member_cannot_list_applications" time="0.046" /><testcase classname="backend.tests.backend_test.TestAdmin" name="test_admin_users" time="0.050" /><testcase classname="backend.tests.backend_test.TestAdmin" name="test_admin_stats" time="0.047" /><testcase classname="backend.tests.backend_test.TestAdmin" name="test_admin_users_member_403" time="0.043" /><testcase classname="backend.tests.backend_test.TestAdmin" name="test_admin_stats_member_403" time="0.043" /><testcase classname="backend.tests.backend_test.TestEventsCRUD" name="test_event_lifecycle" time="0.363" /><testcase classname="backend.tests.backend_test.TestEventsCRUD" name="test_create_event_member_403" time="0.044" /><testcase classname="backend.tests.backend_test.TestAssignments" name="test_assignment_flow" time="0.332" /><testcase classname="backend.tests.backend_test.TestAssignments" name="test_assignments_admin_only" time="0.045" /><testcase classname="backend.tests.backend_test.TestAnnouncementsAdmin" name="test_create_and_delete" time="0.091" /><testcase classname="backend.tests.backend_test.TestAnnouncementsAdmin" name="test_create_member_403" time="0.044" /><testcase classname="backend.tests.backend_test.TestProfile" name="test_profile_update" time="0.103" /></testsuite></testsuites>